Using pre-set license
Built from '2020.2/release' branch; Version is '2020.2.2f1 (068178b99f32) revision 426360'; Using compiler version '192528614'; Build Type 'Release'
OS: 'Windows 10 Home; OS build 19041.906; Version 2004; 64bit' Language: 'ko' Physical Memory: 32699 MB
BatchMode: 1, IsHumanControllingUs: 0, StartBugReporterOnCrash: 0, Is64bit: 1, IsPro: 0

 COMMAND LINE ARGUMENTS:
C:\Program Files\Unity\Hub\Editor\2020.2.2f1\Editor\Unity.exe
-adb2
-batchMode
-noUpm
-name
AssetImportWorker0
-projectPath
C:/Users/user/Desktop/20201317/2학년/2학년1학기/게임제작기초및실습/2Dgamer
-logFile
Logs/AssetImportWorker0.log
-srvPort
50559
Successfully changed project path to: C:/Users/user/Desktop/20201317/2학년/2학년1학기/게임제작기초및실습/2Dgamer
C:/Users/user/Desktop/20201317/2학년/2학년1학기/게임제작기초및실습/2Dgamer
Using Asset Import Pipeline V2.
Refreshing native plugins compatible for Editor in 37.06 ms, found 2 plugins.
Preloading 0 native plugins for Editor in 0.00 ms.
Initialize engine version: 2020.2.2f1 (068178b99f32)
[Subsystems] Discovering subsystems at path C:/Program Files/Unity/Hub/Editor/2020.2.2f1/Editor/Data/Resources/UnitySubsystems
[Subsystems] Discovering subsystems at path C:/Users/user/Desktop/20201317/2학년/2학년1학기/게임제작기초및실습/2Dgamer/Assets
GfxDevice: creating device client; threaded=0
Direct3D:
    Version:  Direct3D 11.0 [level 11.1]
    Renderer: NVIDIA GeForce GTX 1650 SUPER (ID=0x2187)
    Vendor:   
    VRAM:     3955 MB
    Driver:   27.21.14.5671
Initialize mono
Mono path[0] = 'C:/Program Files/Unity/Hub/Editor/2020.2.2f1/Editor/Data/Managed'
Mono path[1] = 'C:/Program Files/Unity/Hub/Editor/2020.2.2f1/Editor/Data/MonoBleedingEdge/lib/mono/unityjit'
Mono config path = 'C:/Program Files/Unity/Hub/Editor/2020.2.2f1/Editor/Data/MonoBleedingEdge/etc'
Using monoOptions --debugger-agent=transport=dt_socket,embedding=1,server=y,suspend=n,address=127.0.0.1:56400
Begin MonoManager ReloadAssembly
Registering precompiled unity dll's ...
Register platform support module: C:/Program Files/Unity/Hub/Editor/2020.2.2f1/Editor/Data/PlaybackEngines/WindowsStandaloneSupport/UnityEditor.WindowsStandalone.Extensions.dll
Registered in 0.001963 seconds.
Native extension for WindowsStandalone target not found
Refreshing native plugins compatible for Editor in 33.55 ms, found 2 plugins.
Preloading 0 native plugins for Editor in 0.00 ms.
Invoked RoslynAnalysisRunner static constructor.
RoslynAnalysisRunner will not be running.
RoslynAnalysisRunner has terminated.
Mono: successfully reloaded assembly
- Completed reload, in  1.641 seconds
Platform modules already initialized, skipping
Registering precompiled user dll's ...
Registered in 0.007729 seconds.
Begin MonoManager ReloadAssembly
Native extension for WindowsStandalone target not found
Refreshing native plugins compatible for Editor in 34.55 ms, found 2 plugins.
Preloading 0 native plugins for Editor in 0.00 ms.
Invoked RoslynAnalysisRunner static constructor.
RoslynAnalysisRunner will not be running.
RoslynAnalysisRunner has terminated.
Mono: successfully reloaded assembly
- Completed reload, in  0.877 seconds
Platform modules already initialized, skipping
========================================================================
Worker process is ready to serve import requests
Launched and connected shader compiler UnityShaderCompiler.exe after 0.05 seconds
Refreshing native plugins compatible for Editor in 0.48 ms, found 2 plugins.
Preloading 0 native plugins for Editor in 0.00 ms.
Unloading 1809 Unused Serialized files (Serialized files now loaded: 0)
System memory in use before: 85.9 MB.
System memory in use after: 85.9 MB.

Unloading 40 unused Assets to reduce memory usage. Loaded Objects now: 2319.
Total: 2.109000 ms (FindLiveObjects: 0.224400 ms CreateObjectMapping: 0.043400 ms MarkObjects: 1.725500 ms  DeleteObjects: 0.114800 ms)

========================================================================
Received Import Request.
  path: Assets/Ani/Player.controller
  artifactKey: Guid(6cd698d65aee86446b9c3147b563fd8b) Importer(815301076,1909f56bfc062723c751e8b465ee728b)
Start importing Assets/Ani/Player.controller using Guid(6cd698d65aee86446b9c3147b563fd8b) Importer(815301076,1909f56bfc062723c751e8b465ee728b)  -> (artifact id: '33decbcace5dd5ff21c660cb88785299') in 0.034349 seconds
  Import took 0.037022 seconds .

========================================================================
Received Prepare
Registering precompiled user dll's ...
Registered in 0.007352 seconds.
Begin MonoManager ReloadAssembly
Native extension for WindowsStandalone target not found
Refreshing native plugins compatible for Editor in 0.51 ms, found 2 plugins.
Preloading 0 native plugins for Editor in 0.00 ms.
Invoked RoslynAnalysisRunner static constructor.
RoslynAnalysisRunner will not be running.
RoslynAnalysisRunner has terminated.
Mono: successfully reloaded assembly
- Completed reload, in  0.843 seconds
Platform modules already initialized, skipping
Refreshing native plugins compatible for Editor in 0.52 ms, found 2 plugins.
Preloading 0 native plugins for Editor in 0.00 ms.
Unloading 1804 Unused Serialized files (Serialized files now loaded: 0)
System memory in use before: 86.0 MB.
System memory in use after: 86.0 MB.

Unloading 28 unused Assets to reduce memory usage. Loaded Objects now: 2322.
Total: 2.420400 ms (FindLiveObjects: 0.310700 ms CreateObjectMapping: 0.045700 ms MarkObjects: 1.934800 ms  DeleteObjects: 0.128000 ms)

========================================================================
Received Import Request.
  Time since last request: 235.182697 seconds.
  path: Assets/Sprite/Player/Player_Walk
  artifactKey: Guid(e2799c64d336fbe4faab878db34bd236) Importer(815301076,1909f56bfc062723c751e8b465ee728b)
Start importing Assets/Sprite/Player/Player_Walk using Guid(e2799c64d336fbe4faab878db34bd236) Importer(815301076,1909f56bfc062723c751e8b465ee728b)  -> (artifact id: 'e998a0c328553863dc9fc79cd189c93c') in 0.009296 seconds
  Import took 0.012253 seconds .

========================================================================
Received Import Request.
  Time since last request: 0.339483 seconds.
  path: Assets/Sprite/Player/Player_Idle
  artifactKey: Guid(f8f818f14f53ad148b879ed185338abb) Importer(815301076,1909f56bfc062723c751e8b465ee728b)
Start importing Assets/Sprite/Player/Player_Idle using Guid(f8f818f14f53ad148b879ed185338abb) Importer(815301076,1909f56bfc062723c751e8b465ee728b)  -> (artifact id: 'aecd7de2fe5e02a4d46ad2d75f76fda4') in 0.005506 seconds
  Import took 0.008269 seconds .

========================================================================
Received Import Request.
  Time since last request: 43.436345 seconds.
  path: Assets/playercontroll.asset
  artifactKey: Guid(41c2da9097a8fd847ac44f130a3fb06c) Importer(815301076,1909f56bfc062723c751e8b465ee728b)
Start importing Assets/playercontroll.asset using Guid(41c2da9097a8fd847ac44f130a3fb06c) Importer(815301076,1909f56bfc062723c751e8b465ee728b)  -> (artifact id: '9d3d5d046bffd3c10a0159836cdfa756') in 0.429197 seconds
  Import took 0.432193 seconds .

========================================================================
Received Import Request.
  Time since last request: 6.406532 seconds.
  path: Assets/Sprite/Player/Player_Walk/Ellen_WALK_001.png
  artifactKey: Guid(6eb289987e66fcc41a125398e0154af1) Importer(815301076,1909f56bfc062723c751e8b465ee728b)
Start importing Assets/Sprite/Player/Player_Walk/Ellen_WALK_001.png using Guid(6eb289987e66fcc41a125398e0154af1) Importer(815301076,1909f56bfc062723c751e8b465ee728b)  -> (artifact id: '36c5caee712da886dd6af419002e786f') in 0.068232 seconds
  Import took 0.071307 seconds .

========================================================================
Received Import Request.
  Time since last request: 0.000246 seconds.
  path: Assets/Sprite/Player/Player_Walk/Ellen_WALK_023.png
  artifactKey: Guid(9b0cbc75cab96af459d7dcc29bbf7812) Importer(815301076,1909f56bfc062723c751e8b465ee728b)
Start importing Assets/Sprite/Player/Player_Walk/Ellen_WALK_023.png using Guid(9b0cbc75cab96af459d7dcc29bbf7812) Importer(815301076,1909f56bfc062723c751e8b465ee728b)  -> (artifact id: '8bc593eaeaa0487fdd0c8e29573588d0') in 0.019273 seconds
  Import took 0.022130 seconds .

========================================================================
Received Import Request.
  Time since last request: 0.000187 seconds.
  path: Assets/Sprite/Player/Player_Walk/Ellen_WALK_013.png
  artifactKey: Guid(ef4e5302ac8a56d438c090295157f13a) Importer(815301076,1909f56bfc062723c751e8b465ee728b)
Start importing Assets/Sprite/Player/Player_Walk/Ellen_WALK_013.png using Guid(ef4e5302ac8a56d438c090295157f13a) Importer(815301076,1909f56bfc062723c751e8b465ee728b)  -> (artifact id: '07041d03eebf2b25790c2ca508b400d5') in 0.020189 seconds
  Import took 0.022950 seconds .

========================================================================
Received Import Request.
  Time since last request: 0.000195 seconds.
  path: Assets/Sprite/Player/Player_Walk/Ellen_WALK_003.png
  artifactKey: Guid(a54f76bf78fd6794fbba2c3649e1b37b) Importer(815301076,1909f56bfc062723c751e8b465ee728b)
Start importing Assets/Sprite/Player/Player_Walk/Ellen_WALK_003.png using Guid(a54f76bf78fd6794fbba2c3649e1b37b) Importer(815301076,1909f56bfc062723c751e8b465ee728b)  -> (artifact id: '1e7f6d479a7bf703a9b34685b321590b') in 0.014226 seconds
  Import took 0.016980 seconds .

========================================================================
Received Import Request.
  Time since last request: 0.000246 seconds.
  path: Assets/Sprite/Player/Player_Walk/Ellen_WALK_015.png
  artifactKey: Guid(f9de338ab196e9e43a724f9fd16b7672) Importer(815301076,1909f56bfc062723c751e8b465ee728b)
Start importing Assets/Sprite/Player/Player_Walk/Ellen_WALK_015.png using Guid(f9de338ab196e9e43a724f9fd16b7672) Importer(815301076,1909f56bfc062723c751e8b465ee728b)  -> (artifact id: '6956414d979f154244cc935fe8b4675a') in 0.013910 seconds
  Import took 0.016488 seconds .

========================================================================
Received Import Request.
  Time since last request: 0.000173 seconds.
  path: Assets/Sprite/Player/Player_Walk/Ellen_WALK_007.png
  artifactKey: Guid(72406785f5f8493459e48f736123c199) Importer(815301076,1909f56bfc062723c751e8b465ee728b)
Start importing Assets/Sprite/Player/Player_Walk/Ellen_WALK_007.png using Guid(72406785f5f8493459e48f736123c199) Importer(815301076,1909f56bfc062723c751e8b465ee728b)  -> (artifact id: 'f51e3a4ee83ce302104981e38041a913') in 0.018870 seconds
  Import took 0.021356 seconds .

========================================================================
Received Import Request.
  Time since last request: 0.000179 seconds.
  path: Assets/Sprite/Player/Player_Walk/Ellen_WALK_005.png
  artifactKey: Guid(e76d27f3f02ce4b4eaddd9c5385a00ca) Importer(815301076,1909f56bfc062723c751e8b465ee728b)
Start importing Assets/Sprite/Player/Player_Walk/Ellen_WALK_005.png using Guid(e76d27f3f02ce4b4eaddd9c5385a00ca) Importer(815301076,1909f56bfc062723c751e8b465ee728b)  -> (artifact id: '9a81f9dd98f207fc469bc66f9e5917c5') in 0.012997 seconds
  Import took 0.015516 seconds .

========================================================================
Received Import Request.
  Time since last request: 0.000169 seconds.
  path: Assets/Sprite/Player/Player_Walk/Ellen_WALK_017.png
  artifactKey: Guid(c5e075d172de3074391f14e16344b696) Importer(815301076,1909f56bfc062723c751e8b465ee728b)
Start importing Assets/Sprite/Player/Player_Walk/Ellen_WALK_017.png using Guid(c5e075d172de3074391f14e16344b696) Importer(815301076,1909f56bfc062723c751e8b465ee728b)  -> (artifact id: 'b77af499d1c71a19e52d92835b9c3bb0') in 0.026626 seconds
  Import took 0.029110 seconds .

========================================================================
Received Import Request.
  Time since last request: 0.000250 seconds.
  path: Assets/Sprite/Player/Player_Walk/Ellen_WALK_011.png
  artifactKey: Guid(d538edfd9ea02ea488b0876b28c5665f) Importer(815301076,1909f56bfc062723c751e8b465ee728b)
Start importing Assets/Sprite/Player/Player_Walk/Ellen_WALK_011.png using Guid(d538edfd9ea02ea488b0876b28c5665f) Importer(815301076,1909f56bfc062723c751e8b465ee728b)  -> (artifact id: 'ecdefc9a3c81ee5a181aaee59cc2a616') in 0.012551 seconds
  Import took 0.015345 seconds .

========================================================================
Received Import Request.
  Time since last request: 0.000179 seconds.
  path: Assets/Sprite/Player/Player_Walk/Ellen_WALK_025.png
  artifactKey: Guid(edf0d10e4b11e324fa080660e41816ae) Importer(815301076,1909f56bfc062723c751e8b465ee728b)
Start importing Assets/Sprite/Player/Player_Walk/Ellen_WALK_025.png using Guid(edf0d10e4b11e324fa080660e41816ae) Importer(815301076,1909f56bfc062723c751e8b465ee728b)  -> (artifact id: '75285b4a0af1a79a5766304d8276b753') in 0.013004 seconds
  Import took 0.015665 seconds .

========================================================================
Received Import Request.
  Time since last request: 0.000216 seconds.
  path: Assets/Sprite/Player/Player_Walk/Ellen_WALK_027.png
  artifactKey: Guid(cf0c5741724ece44f8c37f7d0f636609) Importer(815301076,1909f56bfc062723c751e8b465ee728b)
Start importing Assets/Sprite/Player/Player_Walk/Ellen_WALK_027.png using Guid(cf0c5741724ece44f8c37f7d0f636609) Importer(815301076,1909f56bfc062723c751e8b465ee728b)  -> (artifact id: '31f15a9b184b1f8a5d747a954c75196e') in 0.018596 seconds
  Import took 0.021092 seconds .

========================================================================
Received Import Request.
  Time since last request: 0.000204 seconds.
  path: Assets/Sprite/Player/Player_Walk/Ellen_WALK_009.png
  artifactKey: Guid(55e931aed935bbe45b9f7a9ef1b00d32) Importer(815301076,1909f56bfc062723c751e8b465ee728b)
Start importing Assets/Sprite/Player/Player_Walk/Ellen_WALK_009.png using Guid(55e931aed935bbe45b9f7a9ef1b00d32) Importer(815301076,1909f56bfc062723c751e8b465ee728b)  -> (artifact id: '991b744d97aea65fe415517fda7a2a10') in 0.014197 seconds
  Import took 0.016806 seconds .

========================================================================
Received Import Request.
  Time since last request: 0.000191 seconds.
  path: Assets/Sprite/Player/Player_Walk/Ellen_WALK_021.png
  artifactKey: Guid(94a1afcbccdcba843bda8ef84359f9e8) Importer(815301076,1909f56bfc062723c751e8b465ee728b)
Start importing Assets/Sprite/Player/Player_Walk/Ellen_WALK_021.png using Guid(94a1afcbccdcba843bda8ef84359f9e8) Importer(815301076,1909f56bfc062723c751e8b465ee728b)  -> (artifact id: '63c53e77b879ba04e42429b7288a3ff6') in 0.015281 seconds
  Import took 0.018182 seconds .

========================================================================
Received Import Request.
  Time since last request: 0.000229 seconds.
  path: Assets/Sprite/Player/Player_Walk/Ellen_WALK_009.png
  artifactKey: Guid(55e931aed935bbe45b9f7a9ef1b00d32) Importer(815301076,1909f56bfc062723c751e8b465ee728b)
Start importing Assets/Sprite/Player/Player_Walk/Ellen_WALK_009.png using Guid(55e931aed935bbe45b9f7a9ef1b00d32) Importer(815301076,1909f56bfc062723c751e8b465ee728b)  -> (artifact id: '991b744d97aea65fe415517fda7a2a10') in 0.008580 seconds
  Import took 0.011058 seconds .

========================================================================
Received Import Request.
  Time since last request: 0.000172 seconds.
  path: Assets/Sprite/Player/Player_Walk/Ellen_WALK_029.png
  artifactKey: Guid(aeac7938ee91c154383bd593e797d1b2) Importer(815301076,1909f56bfc062723c751e8b465ee728b)
Start importing Assets/Sprite/Player/Player_Walk/Ellen_WALK_029.png using Guid(aeac7938ee91c154383bd593e797d1b2) Importer(815301076,1909f56bfc062723c751e8b465ee728b)  -> (artifact id: '48de911fa1affa13b1fbd0497c6acb44') in 0.032650 seconds
  Import took 0.035117 seconds .

========================================================================
Received Import Request.
  Time since last request: 0.000209 seconds.
  path: Assets/Sprite/Player/Player_Walk/Ellen_WALK_019.png
  artifactKey: Guid(927dc7c07d61aae4b923fa8550c7327f) Importer(815301076,1909f56bfc062723c751e8b465ee728b)
Start importing Assets/Sprite/Player/Player_Walk/Ellen_WALK_019.png using Guid(927dc7c07d61aae4b923fa8550c7327f) Importer(815301076,1909f56bfc062723c751e8b465ee728b)  -> (artifact id: '0db597858ce0be71d39690dd2c5726ef') in 0.013942 seconds
  Import took 0.016739 seconds .

========================================================================
Received Import Request.
  Time since last request: 0.002308 seconds.
  path: Assets/Sprite/Player/Player_Walk/Ellen_WALK_019.png
  artifactKey: Guid(927dc7c07d61aae4b923fa8550c7327f) Importer(815301076,1909f56bfc062723c751e8b465ee728b)
Start importing Assets/Sprite/Player/Player_Walk/Ellen_WALK_019.png using Guid(927dc7c07d61aae4b923fa8550c7327f) Importer(815301076,1909f56bfc062723c751e8b465ee728b)  -> (artifact id: '0db597858ce0be71d39690dd2c5726ef') in 0.014285 seconds
  Import took 0.016865 seconds .

========================================================================
Received Import Request.
  Time since last request: 33.684747 seconds.
  path: Assets/Ani/Playeridle.anim
  artifactKey: Guid(bfc53adfa7c78a44b8f30779e2845dda) Importer(815301076,1909f56bfc062723c751e8b465ee728b)
Start importing Assets/Ani/Playeridle.anim using Guid(bfc53adfa7c78a44b8f30779e2845dda) Importer(815301076,1909f56bfc062723c751e8b465ee728b)  -> (artifact id: 'edfc4bacd8263ec4708df3adbee13251') in 0.008968 seconds
  Import took 0.011816 seconds .

========================================================================
Received Import Request.
  Time since last request: 0.001771 seconds.
  path: Assets/Ani/Playeridle.anim
  artifactKey: Guid(bfc53adfa7c78a44b8f30779e2845dda) Importer(815301076,1909f56bfc062723c751e8b465ee728b)
Start importing Assets/Ani/Playeridle.anim using Guid(bfc53adfa7c78a44b8f30779e2845dda) Importer(815301076,1909f56bfc062723c751e8b465ee728b)  -> (artifact id: 'edfc4bacd8263ec4708df3adbee13251') in 0.002565 seconds
  Import took 0.005332 seconds .

========================================================================
Received Prepare
Registering precompiled user dll's ...
Registered in 0.008554 seconds.
Begin MonoManager ReloadAssembly
Native extension for WindowsStandalone target not found
Refreshing native plugins compatible for Editor in 0.49 ms, found 2 plugins.
Preloading 0 native plugins for Editor in 0.00 ms.
Invoked RoslynAnalysisRunner static constructor.
RoslynAnalysisRunner will not be running.
RoslynAnalysisRunner has terminated.
Mono: successfully reloaded assembly
- Completed reload, in  0.820 seconds
Platform modules already initialized, skipping
Refreshing native plugins compatible for Editor in 0.49 ms, found 2 plugins.
Preloading 0 native plugins for Editor in 0.00 ms.
Unloading 1804 Unused Serialized files (Serialized files now loaded: 0)
System memory in use before: 89.2 MB.
System memory in use after: 89.2 MB.

Unloading 28 unused Assets to reduce memory usage. Loaded Objects now: 2331.
Total: 2.512900 ms (FindLiveObjects: 0.366900 ms CreateObjectMapping: 0.045200 ms MarkObjects: 1.997100 ms  DeleteObjects: 0.102600 ms)

========================================================================
Received Import Request.
  Time since last request: 113.466909 seconds.
  path: Assets/Ani/Player.controller
  artifactKey: Guid(6cd698d65aee86446b9c3147b563fd8b) Importer(815301076,1909f56bfc062723c751e8b465ee728b)
Start importing Assets/Ani/Player.controller using Guid(6cd698d65aee86446b9c3147b563fd8b) Importer(815301076,1909f56bfc062723c751e8b465ee728b)  -> (artifact id: 'd828e705aab9abba59744f90073b2dac') in 0.012238 seconds
  Import took 0.015301 seconds .

========================================================================
Received Prepare
Registering precompiled user dll's ...
Registered in 0.007400 seconds.
Begin MonoManager ReloadAssembly
Native extension for WindowsStandalone target not found
Refreshing native plugins compatible for Editor in 0.57 ms, found 2 plugins.
Preloading 0 native plugins for Editor in 0.00 ms.
Invoked RoslynAnalysisRunner static constructor.
RoslynAnalysisRunner will not be running.
RoslynAnalysisRunner has terminated.
Mono: successfully reloaded assembly
- Completed reload, in  0.811 seconds
Platform modules already initialized, skipping
Refreshing native plugins compatible for Editor in 0.50 ms, found 2 plugins.
Preloading 0 native plugins for Editor in 0.00 ms.
Unloading 1804 Unused Serialized files (Serialized files now loaded: 0)
System memory in use before: 89.3 MB.
System memory in use after: 89.3 MB.

Unloading 28 unused Assets to reduce memory usage. Loaded Objects now: 2334.
Total: 2.000200 ms (FindLiveObjects: 0.242200 ms CreateObjectMapping: 0.049800 ms MarkObjects: 1.598300 ms  DeleteObjects: 0.108800 ms)

========================================================================
Received Prepare
Registering precompiled user dll's ...
Registered in 0.007944 seconds.
Begin MonoManager ReloadAssembly
Native extension for WindowsStandalone target not found
Refreshing native plugins compatible for Editor in 0.49 ms, found 2 plugins.
Preloading 0 native plugins for Editor in 0.00 ms.
Invoked RoslynAnalysisRunner static constructor.
RoslynAnalysisRunner will not be running.
RoslynAnalysisRunner has terminated.
Mono: successfully reloaded assembly
- Completed reload, in  0.817 seconds
Platform modules already initialized, skipping
Refreshing native plugins compatible for Editor in 0.49 ms, found 2 plugins.
Preloading 0 native plugins for Editor in 0.00 ms.
Unloading 1804 Unused Serialized files (Serialized files now loaded: 0)
System memory in use before: 89.3 MB.
System memory in use after: 89.3 MB.

Unloading 28 unused Assets to reduce memory usage. Loaded Objects now: 2337.
Total: 1.855900 ms (FindLiveObjects: 0.201000 ms CreateObjectMapping: 0.042300 ms MarkObjects: 1.501700 ms  DeleteObjects: 0.109800 ms)

========================================================================
Received Prepare
Registering precompiled user dll's ...
Registered in 0.007324 seconds.
Begin MonoManager ReloadAssembly
Native extension for WindowsStandalone target not found
Refreshing native plugins compatible for Editor in 0.51 ms, found 2 plugins.
Preloading 0 native plugins for Editor in 0.00 ms.
Invoked RoslynAnalysisRunner static constructor.
RoslynAnalysisRunner will not be running.
RoslynAnalysisRunner has terminated.
Mono: successfully reloaded assembly
- Completed reload, in  0.820 seconds
Platform modules already initialized, skipping
Refreshing native plugins compatible for Editor in 0.49 ms, found 2 plugins.
Preloading 0 native plugins for Editor in 0.00 ms.
Unloading 1804 Unused Serialized files (Serialized files now loaded: 0)
System memory in use before: 89.4 MB.
System memory in use after: 89.4 MB.

Unloading 28 unused Assets to reduce memory usage. Loaded Objects now: 2340.
Total: 2.766900 ms (FindLiveObjects: 0.517800 ms CreateObjectMapping: 0.044900 ms MarkObjects: 2.093200 ms  DeleteObjects: 0.109300 ms)

========================================================================
Received Prepare
Registering precompiled user dll's ...
Registered in 0.007364 seconds.
Begin MonoManager ReloadAssembly
Native extension for WindowsStandalone target not found
Refreshing native plugins compatible for Editor in 0.50 ms, found 2 plugins.
Preloading 0 native plugins for Editor in 0.00 ms.
Invoked RoslynAnalysisRunner static constructor.
RoslynAnalysisRunner will not be running.
RoslynAnalysisRunner has terminated.
Mono: successfully reloaded assembly
- Completed reload, in  0.823 seconds
Platform modules already initialized, skipping
Refreshing native plugins compatible for Editor in 0.49 ms, found 2 plugins.
Preloading 0 native plugins for Editor in 0.00 ms.
Unloading 1804 Unused Serialized files (Serialized files now loaded: 0)
System memory in use before: 89.5 MB.
System memory in use after: 89.5 MB.

Unloading 28 unused Assets to reduce memory usage. Loaded Objects now: 2343.
Total: 2.036900 ms (FindLiveObjects: 0.227900 ms CreateObjectMapping: 0.043100 ms MarkObjects: 1.646500 ms  DeleteObjects: 0.117800 ms)

========================================================================
Received Prepare
Registering precompiled user dll's ...
Registered in 0.007663 seconds.
Begin MonoManager ReloadAssembly
Native extension for WindowsStandalone target not found
Refreshing native plugins compatible for Editor in 0.52 ms, found 2 plugins.
Preloading 0 native plugins for Editor in 0.00 ms.
Invoked RoslynAnalysisRunner static constructor.
RoslynAnalysisRunner will not be running.
RoslynAnalysisRunner has terminated.
Mono: successfully reloaded assembly
- Completed reload, in  0.826 seconds
Platform modules already initialized, skipping
Refreshing native plugins compatible for Editor in 0.51 ms, found 2 plugins.
Preloading 0 native plugins for Editor in 0.00 ms.
Unloading 1804 Unused Serialized files (Serialized files now loaded: 0)
System memory in use before: 89.6 MB.
System memory in use after: 89.6 MB.

Unloading 28 unused Assets to reduce memory usage. Loaded Objects now: 2346.
Total: 2.084300 ms (FindLiveObjects: 0.270200 ms CreateObjectMapping: 0.044400 ms MarkObjects: 1.645700 ms  DeleteObjects: 0.122900 ms)

========================================================================
Received Prepare
Registering precompiled user dll's ...
Registered in 0.007276 seconds.
Begin MonoManager ReloadAssembly
Native extension for WindowsStandalone target not found
Refreshing native plugins compatible for Editor in 0.53 ms, found 2 plugins.
Preloading 0 native plugins for Editor in 0.00 ms.
Invoked RoslynAnalysisRunner static constructor.
RoslynAnalysisRunner will not be running.
RoslynAnalysisRunner has terminated.
Mono: successfully reloaded assembly
- Completed reload, in  0.802 seconds
Platform modules already initialized, skipping
Refreshing native plugins compatible for Editor in 0.50 ms, found 2 plugins.
Preloading 0 native plugins for Editor in 0.00 ms.
Unloading 1804 Unused Serialized files (Serialized files now loaded: 0)
System memory in use before: 89.6 MB.
System memory in use after: 89.6 MB.

Unloading 28 unused Assets to reduce memory usage. Loaded Objects now: 2349.
Total: 2.178400 ms (FindLiveObjects: 0.258700 ms CreateObjectMapping: 0.044700 ms MarkObjects: 1.749700 ms  DeleteObjects: 0.124400 ms)

========================================================================
Received Import Request.
  Time since last request: 692.008044 seconds.
  path: Assets/Ani/Player.controller
  artifactKey: Guid(6cd698d65aee86446b9c3147b563fd8b) Importer(815301076,1909f56bfc062723c751e8b465ee728b)
Start importing Assets/Ani/Player.controller using Guid(6cd698d65aee86446b9c3147b563fd8b) Importer(815301076,1909f56bfc062723c751e8b465ee728b)  -> (artifact id: 'aa5e09d8a2b159537ca78efdc97d54e6') in 0.011626 seconds
  Import took 0.014574 seconds .

========================================================================
Received Prepare
Registering precompiled user dll's ...
Registered in 0.007354 seconds.
Begin MonoManager ReloadAssembly
Native extension for WindowsStandalone target not found
Refreshing native plugins compatible for Editor in 0.49 ms, found 2 plugins.
Preloading 0 native plugins for Editor in 0.00 ms.
Invoked RoslynAnalysisRunner static constructor.
RoslynAnalysisRunner will not be running.
RoslynAnalysisRunner has terminated.
Mono: successfully reloaded assembly
- Completed reload, in  0.802 seconds
Platform modules already initialized, skipping
Refreshing native plugins compatible for Editor in 0.50 ms, found 2 plugins.
Preloading 0 native plugins for Editor in 0.00 ms.
Unloading 1804 Unused Serialized files (Serialized files now loaded: 0)
System memory in use before: 89.7 MB.
System memory in use after: 89.7 MB.

Unloading 28 unused Assets to reduce memory usage. Loaded Objects now: 2352.
Total: 2.091800 ms (FindLiveObjects: 0.243100 ms CreateObjectMapping: 0.044000 ms MarkObjects: 1.686400 ms  DeleteObjects: 0.116800 ms)

========================================================================
Received Prepare
Registering precompiled user dll's ...
Registered in 0.007480 seconds.
Begin MonoManager ReloadAssembly
Native extension for WindowsStandalone target not found
Refreshing native plugins compatible for Editor in 0.49 ms, found 2 plugins.
Preloading 0 native plugins for Editor in 0.00 ms.
Invoked RoslynAnalysisRunner static constructor.
RoslynAnalysisRunner will not be running.
RoslynAnalysisRunner has terminated.
Mono: successfully reloaded assembly
- Completed reload, in  0.788 seconds
Platform modules already initialized, skipping
Refreshing native plugins compatible for Editor in 0.51 ms, found 2 plugins.
Preloading 0 native plugins for Editor in 0.00 ms.
Unloading 1804 Unused Serialized files (Serialized files now loaded: 0)
System memory in use before: 89.8 MB.
System memory in use after: 89.8 MB.

Unloading 28 unused Assets to reduce memory usage. Loaded Objects now: 2355.
Total: 1.959200 ms (FindLiveObjects: 0.259500 ms CreateObjectMapping: 0.049200 ms MarkObjects: 1.539200 ms  DeleteObjects: 0.110400 ms)

========================================================================
Received Import Request.
  Time since last request: 366.476039 seconds.
  path: Assets/Ani/Player.controller
  artifactKey: Guid(6cd698d65aee86446b9c3147b563fd8b) Importer(815301076,1909f56bfc062723c751e8b465ee728b)
Start importing Assets/Ani/Player.controller using Guid(6cd698d65aee86446b9c3147b563fd8b) Importer(815301076,1909f56bfc062723c751e8b465ee728b)  -> (artifact id: 'b1b296634c77598c5463c4a6ec44acdc') in 0.011243 seconds
  Import took 0.014421 seconds .

========================================================================
Received Import Request.
  Time since last request: 236.843505 seconds.
  path: Assets/Sprite/Player/Player_Idle/Anim_IDLE_00001.controller
  artifactKey: Guid(dbe830717756b884c928231e51c5ece3) Importer(815301076,1909f56bfc062723c751e8b465ee728b)
Start importing Assets/Sprite/Player/Player_Idle/Anim_IDLE_00001.controller using Guid(dbe830717756b884c928231e51c5ece3) Importer(815301076,1909f56bfc062723c751e8b465ee728b)  -> (artifact id: 'd524b83f211ce632caf98238b8cea782') in 0.007656 seconds
  Import took 0.010925 seconds .

========================================================================
Received Import Request.
  Time since last request: 9.245137 seconds.
  path: Assets/Sprite/Player/Player_Walk/Ellen_WALK_001 1.controller
  artifactKey: Guid(3417d2f6414f64f4389b99f8836f6e60) Importer(815301076,1909f56bfc062723c751e8b465ee728b)
Start importing Assets/Sprite/Player/Player_Walk/Ellen_WALK_001 1.controller using Guid(3417d2f6414f64f4389b99f8836f6e60) Importer(815301076,1909f56bfc062723c751e8b465ee728b)  -> (artifact id: 'fcf4ca63954bfda379ce0681d9fb8052') in 0.007246 seconds
  Import took 0.010168 seconds .

========================================================================
Received Import Request.
  Time since last request: 3.318966 seconds.
  path: Assets/Sprite/Player/Player_Walk/Ellen_WALK_001.controller
  artifactKey: Guid(0d598074c6c714d438bd3ce21a59e9de) Importer(815301076,1909f56bfc062723c751e8b465ee728b)
Start importing Assets/Sprite/Player/Player_Walk/Ellen_WALK_001.controller using Guid(0d598074c6c714d438bd3ce21a59e9de) Importer(815301076,1909f56bfc062723c751e8b465ee728b)  -> (artifact id: 'c1bb7ae8cb24fe45f0401c9d7ba930e4') in 0.002717 seconds
  Import took 0.005576 seconds .

========================================================================
Received Import Request.
  Time since last request: 2.161268 seconds.
  path: Assets/Ani/Player.controller
  artifactKey: Guid(6cd698d65aee86446b9c3147b563fd8b) Importer(815301076,1909f56bfc062723c751e8b465ee728b)
Start importing Assets/Ani/Player.controller using Guid(6cd698d65aee86446b9c3147b563fd8b) Importer(815301076,1909f56bfc062723c751e8b465ee728b)  -> (artifact id: '940777a12d20294b8fb7584a4447e85b') in 0.004077 seconds
  Import took 0.007110 seconds .

========================================================================
Received Import Request.
  Time since last request: 0.000549 seconds.
  path: Assets/Ani/Player.controller
  artifactKey: Guid(6cd698d65aee86446b9c3147b563fd8b) Importer(815301076,1909f56bfc062723c751e8b465ee728b)
Start importing Assets/Ani/Player.controller using Guid(6cd698d65aee86446b9c3147b563fd8b) Importer(815301076,1909f56bfc062723c751e8b465ee728b)  -> (artifact id: '940777a12d20294b8fb7584a4447e85b') in 0.003395 seconds
  Import took 0.006212 seconds .

========================================================================
Received Import Request.
  Time since last request: 1.361848 seconds.
  path: Assets/Ani/PlayerWalk.anim
  artifactKey: Guid(b6e89830da3505f4fad3aa3a2be2c780) Importer(815301076,1909f56bfc062723c751e8b465ee728b)
Start importing Assets/Ani/PlayerWalk.anim using Guid(b6e89830da3505f4fad3aa3a2be2c780) Importer(815301076,1909f56bfc062723c751e8b465ee728b)  -> (artifact id: '7d45f4961dd3027fa5b0b4ad43324d95') in 0.007989 seconds
  Import took 0.010936 seconds .

========================================================================
Received Import Request.
  Time since last request: 197.590771 seconds.
  path: Assets/Sprite/Bullet.png
  artifactKey: Guid(bf29f692eb2027d44b66c3696b494fca) Importer(815301076,1909f56bfc062723c751e8b465ee728b)
Start importing Assets/Sprite/Bullet.png using Guid(bf29f692eb2027d44b66c3696b494fca) Importer(815301076,1909f56bfc062723c751e8b465ee728b)  -> (artifact id: 'e890e1a0e12a6a08954002938ceef9be') in 0.036308 seconds
  Import took 0.039451 seconds .

========================================================================
Received Import Request.
  Time since last request: 13.107297 seconds.
  path: Assets/Sprite/Bullet.prefab
  artifactKey: Guid(07ca4e8ab5f259149a6527c99d57f20b) Importer(815301076,1909f56bfc062723c751e8b465ee728b)
Start importing Assets/Sprite/Bullet.prefab using Guid(07ca4e8ab5f259149a6527c99d57f20b) Importer(815301076,1909f56bfc062723c751e8b465ee728b)  -> (artifact id: 'b70331aa0c8037e6d25d8a551ab72112') in 0.027538 seconds
  Import took 0.030490 seconds .

========================================================================
Received Import Request.
  Time since last request: 10.039600 seconds.
  path: Assets/playercontroll.asset
  artifactKey: Guid(41c2da9097a8fd847ac44f130a3fb06c) Importer(815301076,1909f56bfc062723c751e8b465ee728b)
Start importing Assets/playercontroll.asset using Guid(41c2da9097a8fd847ac44f130a3fb06c) Importer(815301076,1909f56bfc062723c751e8b465ee728b)  -> (artifact id: 'eb1fb2d79c100562f040a3f58a406288') in 0.443215 seconds
  Import took 0.446280 seconds .

========================================================================
Received Import Request.
  Time since last request: 11.743276 seconds.
  path: Assets/Prefabs
  artifactKey: Guid(43181c927a1d6e34f82d4e85bd15f85a) Importer(815301076,1909f56bfc062723c751e8b465ee728b)
Start importing Assets/Prefabs using Guid(43181c927a1d6e34f82d4e85bd15f85a) Importer(815301076,1909f56bfc062723c751e8b465ee728b)  -> (artifact id: 'ed9308e3cb7e878a3fb59bc9d1292745') in 0.005950 seconds
  Import took 0.008847 seconds .

========================================================================
Received Import Request.
  Time since last request: 187.638656 seconds.
  path: Assets/Sprite/Player/Player_Jump/Anim_JUMP_01.png
  artifactKey: Guid(d4ca22bbcf3333d4eadae2ef31af6c63) Importer(815301076,1909f56bfc062723c751e8b465ee728b)
Start importing Assets/Sprite/Player/Player_Jump/Anim_JUMP_01.png using Guid(d4ca22bbcf3333d4eadae2ef31af6c63) Importer(815301076,1909f56bfc062723c751e8b465ee728b)  -> (artifact id: '9131584ccc922ab0de1bc3e8b3b9782b') in 0.012413 seconds
  Import took 0.015628 seconds .

========================================================================
Received Import Request.
  Time since last request: 0.000630 seconds.
  path: Assets/Sprite/Player/Player_Jump/Anim_JUMP_01.png
  artifactKey: Guid(d4ca22bbcf3333d4eadae2ef31af6c63) Importer(815301076,1909f56bfc062723c751e8b465ee728b)
Start importing Assets/Sprite/Player/Player_Jump/Anim_JUMP_01.png using Guid(d4ca22bbcf3333d4eadae2ef31af6c63) Importer(815301076,1909f56bfc062723c751e8b465ee728b)  -> (artifact id: '9131584ccc922ab0de1bc3e8b3b9782b') in 0.014850 seconds
  Import took 0.018022 seconds .

========================================================================
Received Import Request.
  Time since last request: 0.034404 seconds.
  path: Assets/Sprite/Player/Player_Jump/Anim_JUMP_02.png
  artifactKey: Guid(dc38d3c6d9249c34e89070f0092d0f61) Importer(815301076,1909f56bfc062723c751e8b465ee728b)
Start importing Assets/Sprite/Player/Player_Jump/Anim_JUMP_02.png using Guid(dc38d3c6d9249c34e89070f0092d0f61) Importer(815301076,1909f56bfc062723c751e8b465ee728b)  -> (artifact id: '3ea6e089c48afd460767f694db088369') in 0.011831 seconds
  Import took 0.014866 seconds .

========================================================================
Received Import Request.
  Time since last request: 0.000248 seconds.
  path: Assets/Sprite/Player/Player_Jump/Anim_JUMP_03.png
  artifactKey: Guid(1e9fbbf9ce00a734bae6c4c4494141c5) Importer(815301076,1909f56bfc062723c751e8b465ee728b)
Start importing Assets/Sprite/Player/Player_Jump/Anim_JUMP_03.png using Guid(1e9fbbf9ce00a734bae6c4c4494141c5) Importer(815301076,1909f56bfc062723c751e8b465ee728b)  -> (artifact id: '0a8665817274a579405bb3bbfd67b1ea') in 0.012994 seconds
  Import took 0.016318 seconds .

========================================================================
Received Import Request.
  Time since last request: 0.000385 seconds.
  path: Assets/Sprite/Player/Player_Jump/Anim_JUMP_04.png
  artifactKey: Guid(a669cee4af558b44682a6e3a8fe783c3) Importer(815301076,1909f56bfc062723c751e8b465ee728b)
Start importing Assets/Sprite/Player/Player_Jump/Anim_JUMP_04.png using Guid(a669cee4af558b44682a6e3a8fe783c3) Importer(815301076,1909f56bfc062723c751e8b465ee728b)  -> (artifact id: '57b9ebd37a2d37dfd26b047a8e0b7d40') in 0.011872 seconds
  Import took 0.014753 seconds .

========================================================================
Received Import Request.
  Time since last request: 0.372374 seconds.
  path: Assets/Sprite/Player/Player_Jump/Anim_JUMP_05.png
  artifactKey: Guid(cb51e2c25d3df8d4f982f5205d0ffd43) Importer(815301076,1909f56bfc062723c751e8b465ee728b)
Start importing Assets/Sprite/Player/Player_Jump/Anim_JUMP_05.png using Guid(cb51e2c25d3df8d4f982f5205d0ffd43) Importer(815301076,1909f56bfc062723c751e8b465ee728b)  -> (artifact id: '0b41e776f67ea4411295d1113acf38c5') in 0.012598 seconds
  Import took 0.015589 seconds .

========================================================================
Received Import Request.
  Time since last request: 0.000227 seconds.
  path: Assets/Sprite/Player/Player_Jump/Anim_JUMP_07.png
  artifactKey: Guid(6e243fddb631c2845911415f02b670b1) Importer(815301076,1909f56bfc062723c751e8b465ee728b)
Start importing Assets/Sprite/Player/Player_Jump/Anim_JUMP_07.png using Guid(6e243fddb631c2845911415f02b670b1) Importer(815301076,1909f56bfc062723c751e8b465ee728b)  -> (artifact id: 'ff85167b8259d4d0d45aeeddbbf6852c') in 0.017273 seconds
  Import took 0.020424 seconds .

========================================================================
Received Import Request.
  Time since last request: 0.000229 seconds.
  path: Assets/Sprite/Player/Player_Jump/Anim_JUMP_06.png
  artifactKey: Guid(d02e6e8d8978fce4bb2e3530ff6de23e) Importer(815301076,1909f56bfc062723c751e8b465ee728b)
Start importing Assets/Sprite/Player/Player_Jump/Anim_JUMP_06.png using Guid(d02e6e8d8978fce4bb2e3530ff6de23e) Importer(815301076,1909f56bfc062723c751e8b465ee728b)  -> (artifact id: 'a0c8da0ee126cf1199b3c278a5184551') in 0.011867 seconds
  Import took 0.014745 seconds .

========================================================================
Received Import Request.
  Time since last request: 0.000239 seconds.
  path: Assets/Sprite/Player/Player_Jump/Anim_JUMP_05.png
  artifactKey: Guid(cb51e2c25d3df8d4f982f5205d0ffd43) Importer(815301076,1909f56bfc062723c751e8b465ee728b)
Start importing Assets/Sprite/Player/Player_Jump/Anim_JUMP_05.png using Guid(cb51e2c25d3df8d4f982f5205d0ffd43) Importer(815301076,1909f56bfc062723c751e8b465ee728b)  -> (artifact id: '0b41e776f67ea4411295d1113acf38c5') in 0.011826 seconds
  Import took 0.014787 seconds .

========================================================================
Received Import Request.
  Time since last request: 0.000208 seconds.
  path: Assets/Sprite/Player/Player_Jump/Anim_JUMP_08.png
  artifactKey: Guid(a74cdbf99754edb4c9dea0b743c5e747) Importer(815301076,1909f56bfc062723c751e8b465ee728b)
Start importing Assets/Sprite/Player/Player_Jump/Anim_JUMP_08.png using Guid(a74cdbf99754edb4c9dea0b743c5e747) Importer(815301076,1909f56bfc062723c751e8b465ee728b)  -> (artifact id: '40d270a3cd021339f5cb4184860eec63') in 0.013832 seconds
  Import took 0.016447 seconds .

========================================================================
Received Import Request.
  Time since last request: 0.000218 seconds.
  path: Assets/Sprite/Player/Player_Jump/Anim_JUMP_09.png
  artifactKey: Guid(f2313c9898cbc274783b05125499941f) Importer(815301076,1909f56bfc062723c751e8b465ee728b)
Start importing Assets/Sprite/Player/Player_Jump/Anim_JUMP_09.png using Guid(f2313c9898cbc274783b05125499941f) Importer(815301076,1909f56bfc062723c751e8b465ee728b)  -> (artifact id: '8fbd279888bf76cbb1e6f9124d85ca98') in 0.011430 seconds
  Import took 0.014030 seconds .

========================================================================
Received Import Request.
  Time since last request: 0.000196 seconds.
  path: Assets/Sprite/Player/Player_Jump/Anim_JUMP_12.png
  artifactKey: Guid(e905934923f69a74d9fc1b5d87535680) Importer(815301076,1909f56bfc062723c751e8b465ee728b)
Start importing Assets/Sprite/Player/Player_Jump/Anim_JUMP_12.png using Guid(e905934923f69a74d9fc1b5d87535680) Importer(815301076,1909f56bfc062723c751e8b465ee728b)  -> (artifact id: 'fb840b6e8e03fef1d15ad19486518e31') in 0.012937 seconds
  Import took 0.015730 seconds .

========================================================================
Received Import Request.
  Time since last request: 0.000278 seconds.
  path: Assets/Sprite/Player/Player_Jump/Anim_JUMP_13.png
  artifactKey: Guid(23bdc8a7eb442d641912bbd65fa78221) Importer(815301076,1909f56bfc062723c751e8b465ee728b)
Start importing Assets/Sprite/Player/Player_Jump/Anim_JUMP_13.png using Guid(23bdc8a7eb442d641912bbd65fa78221) Importer(815301076,1909f56bfc062723c751e8b465ee728b)  -> (artifact id: 'e478e18e285eea2db862ebb84d0beea2') in 0.014771 seconds
  Import took 0.017741 seconds .

========================================================================
Received Import Request.
  Time since last request: 0.000171 seconds.
  path: Assets/Sprite/Player/Player_Jump/Anim_JUMP_14.png
  artifactKey: Guid(0ebaa0796ade4d147b4103337aa1e9ae) Importer(815301076,1909f56bfc062723c751e8b465ee728b)
Start importing Assets/Sprite/Player/Player_Jump/Anim_JUMP_14.png using Guid(0ebaa0796ade4d147b4103337aa1e9ae) Importer(815301076,1909f56bfc062723c751e8b465ee728b)  -> (artifact id: 'bf88db36f0822735b95a2004a8d210db') in 0.011740 seconds
  Import took 0.014333 seconds .

========================================================================
Received Import Request.
  Time since last request: 0.000246 seconds.
  path: Assets/Sprite/Player/Player_Jump/Anim_JUMP_10.png
  artifactKey: Guid(8a34d5c30c67b6d4295729b8ed00bde4) Importer(815301076,1909f56bfc062723c751e8b465ee728b)
Start importing Assets/Sprite/Player/Player_Jump/Anim_JUMP_10.png using Guid(8a34d5c30c67b6d4295729b8ed00bde4) Importer(815301076,1909f56bfc062723c751e8b465ee728b)  -> (artifact id: '7c17ac34178888b881d7411ed58ac87a') in 0.011630 seconds
  Import took 0.014643 seconds .

========================================================================
Received Import Request.
  Time since last request: 0.000238 seconds.
  path: Assets/Sprite/Player/Player_Jump/Anim_JUMP_16.png
  artifactKey: Guid(e2df0e6677e718245bc067bfa94efd66) Importer(815301076,1909f56bfc062723c751e8b465ee728b)
Start importing Assets/Sprite/Player/Player_Jump/Anim_JUMP_16.png using Guid(e2df0e6677e718245bc067bfa94efd66) Importer(815301076,1909f56bfc062723c751e8b465ee728b)  -> (artifact id: '0fda12fcc8c346b7a119fab1d39eb63d') in 0.013559 seconds
  Import took 0.016567 seconds .

========================================================================
Received Import Request.
  Time since last request: 0.000208 seconds.
  path: Assets/Sprite/Player/Player_Jump/Anim_JUMP_10.png
  artifactKey: Guid(8a34d5c30c67b6d4295729b8ed00bde4) Importer(815301076,1909f56bfc062723c751e8b465ee728b)
Start importing Assets/Sprite/Player/Player_Jump/Anim_JUMP_10.png using Guid(8a34d5c30c67b6d4295729b8ed00bde4) Importer(815301076,1909f56bfc062723c751e8b465ee728b)  -> (artifact id: '7c17ac34178888b881d7411ed58ac87a') in 0.008245 seconds
  Import took 0.011004 seconds .

========================================================================
Received Import Request.
  Time since last request: 0.000350 seconds.
  path: Assets/Sprite/Player/Player_Jump/Anim_JUMP_15.png
  artifactKey: Guid(bf11f1e07a67a684d886d46e9009a37c) Importer(815301076,1909f56bfc062723c751e8b465ee728b)
Start importing Assets/Sprite/Player/Player_Jump/Anim_JUMP_15.png using Guid(bf11f1e07a67a684d886d46e9009a37c) Importer(815301076,1909f56bfc062723c751e8b465ee728b)  -> (artifact id: '460dc74df7f343abbe0471432639d9e7') in 0.012737 seconds
  Import took 0.015965 seconds .

========================================================================
Received Import Request.
  Time since last request: 0.000213 seconds.
  path: Assets/Sprite/Player/Player_Jump/Anim_JUMP_11.png
  artifactKey: Guid(cb9efce2d37288c4da74dce937d2caa8) Importer(815301076,1909f56bfc062723c751e8b465ee728b)
Start importing Assets/Sprite/Player/Player_Jump/Anim_JUMP_11.png using Guid(cb9efce2d37288c4da74dce937d2caa8) Importer(815301076,1909f56bfc062723c751e8b465ee728b)  -> (artifact id: 'b52f91e302f244684fb5e71ae7209145') in 0.015685 seconds
  Import took 0.018415 seconds .

========================================================================
Received Import Request.
  Time since last request: 0.006752 seconds.
  path: Assets/Sprite/Player/Player_Jump/Anim_JUMP_11.png
  artifactKey: Guid(cb9efce2d37288c4da74dce937d2caa8) Importer(815301076,1909f56bfc062723c751e8b465ee728b)
Start importing Assets/Sprite/Player/Player_Jump/Anim_JUMP_11.png using Guid(cb9efce2d37288c4da74dce937d2caa8) Importer(815301076,1909f56bfc062723c751e8b465ee728b)  -> (artifact id: 'b52f91e302f244684fb5e71ae7209145') in 0.011584 seconds
  Import took 0.014564 seconds .

========================================================================
Received Import Request.
  Time since last request: 0.337718 seconds.
  path: Assets/Sprite/Player/Player_Jump/Anim_JUMP_17.png
  artifactKey: Guid(2c96732d4a2cd794987003e54d772e24) Importer(815301076,1909f56bfc062723c751e8b465ee728b)
Start importing Assets/Sprite/Player/Player_Jump/Anim_JUMP_17.png using Guid(2c96732d4a2cd794987003e54d772e24) Importer(815301076,1909f56bfc062723c751e8b465ee728b)  -> (artifact id: 'f98f564d9eaf1c95b0ec48ebb306f4a9') in 0.011229 seconds
  Import took 0.014368 seconds .

========================================================================
Received Import Request.
  Time since last request: 0.000229 seconds.
  path: Assets/Sprite/Player/Player_Jump/Anim_JUMP_18.png
  artifactKey: Guid(cbdf8e806c85b9a49ad0e28716167d72) Importer(815301076,1909f56bfc062723c751e8b465ee728b)
Start importing Assets/Sprite/Player/Player_Jump/Anim_JUMP_18.png using Guid(cbdf8e806c85b9a49ad0e28716167d72) Importer(815301076,1909f56bfc062723c751e8b465ee728b)  -> (artifact id: '97d8844e46b40c2fc248d16b2281618e') in 0.012862 seconds
  Import took 0.015454 seconds .

========================================================================
Received Import Request.
  Time since last request: 0.000228 seconds.
  path: Assets/Ludiq/Bolt.Core/Generated/Variables/Resources/ApplicationVariables.asset
  artifactKey: Guid(65e06d04af0ee3d43bfd9f6618da3ccf) Importer(815301076,1909f56bfc062723c751e8b465ee728b)
Start importing Assets/Ludiq/Bolt.Core/Generated/Variables/Resources/ApplicationVariables.asset using Guid(65e06d04af0ee3d43bfd9f6618da3ccf) Importer(815301076,1909f56bfc062723c751e8b465ee728b)  -> (artifact id: '8a1fb95e63d1a30ec910adb545d1d96a') in 0.009097 seconds
  Import took 0.012221 seconds .

========================================================================
Received Import Request.
  Time since last request: 0.000275 seconds.
  path: Assets/Sprite/Player/Player_Jump/Anim_JUMP_18.png
  artifactKey: Guid(cbdf8e806c85b9a49ad0e28716167d72) Importer(815301076,1909f56bfc062723c751e8b465ee728b)
Start importing Assets/Sprite/Player/Player_Jump/Anim_JUMP_18.png using Guid(cbdf8e806c85b9a49ad0e28716167d72) Importer(815301076,1909f56bfc062723c751e8b465ee728b)  -> (artifact id: '97d8844e46b40c2fc248d16b2281618e') in 0.008610 seconds
  Import took 0.011742 seconds .

========================================================================
Received Import Request.
  Time since last request: 0.000208 seconds.
  path: Assets/Sprite/Player/Player_Jump/Anim_JUMP_17.png
  artifactKey: Guid(2c96732d4a2cd794987003e54d772e24) Importer(815301076,1909f56bfc062723c751e8b465ee728b)
Start importing Assets/Sprite/Player/Player_Jump/Anim_JUMP_17.png using Guid(2c96732d4a2cd794987003e54d772e24) Importer(815301076,1909f56bfc062723c751e8b465ee728b)  -> (artifact id: 'f98f564d9eaf1c95b0ec48ebb306f4a9') in 0.008365 seconds
  Import took 0.011620 seconds .

========================================================================
Received Import Request.
  Time since last request: 0.000236 seconds.
  path: Assets/Sprite/Player/Player_Jump/Anim_JUMP_19.png
  artifactKey: Guid(1198351f113c3894f8f391c89ec27fc8) Importer(815301076,1909f56bfc062723c751e8b465ee728b)
Start importing Assets/Sprite/Player/Player_Jump/Anim_JUMP_19.png using Guid(1198351f113c3894f8f391c89ec27fc8) Importer(815301076,1909f56bfc062723c751e8b465ee728b)  -> (artifact id: '519bacff100eec9a95069010503dd9ce') in 0.012677 seconds
  Import took 0.016087 seconds .

========================================================================
Received Import Request.
  Time since last request: 0.000204 seconds.
  path: Assets/Ludiq/Bolt.Core/IconMap/Bolt.AnimatorMessageListener.png
  artifactKey: Guid(21763ada12b1de54a9de03382ecdf3fe) Importer(815301076,1909f56bfc062723c751e8b465ee728b)
Start importing Assets/Ludiq/Bolt.Core/IconMap/Bolt.AnimatorMessageListener.png using Guid(21763ada12b1de54a9de03382ecdf3fe) Importer(815301076,1909f56bfc062723c751e8b465ee728b)  -> (artifact id: 'd8e2f9b99b3d71bfdd640cb3033064f5') in 0.012064 seconds
  Import took 0.014921 seconds .

========================================================================
Received Import Request.
  Time since last request: 0.005560 seconds.
  path: Assets/Sprite/Player/Player_Jump/Anim_JUMP_19.png
  artifactKey: Guid(1198351f113c3894f8f391c89ec27fc8) Importer(815301076,1909f56bfc062723c751e8b465ee728b)
Start importing Assets/Sprite/Player/Player_Jump/Anim_JUMP_19.png using Guid(1198351f113c3894f8f391c89ec27fc8) Importer(815301076,1909f56bfc062723c751e8b465ee728b)  -> (artifact id: '519bacff100eec9a95069010503dd9ce') in 0.010587 seconds
  Import took 0.014060 seconds .

========================================================================
Received Import Request.
  Time since last request: 0.857839 seconds.
  path: Assets/Ludiq/Bolt.Flow/IconMap/Bolt.FlowMachine.png
  artifactKey: Guid(fe5b77214c748b64ba5033f2af1b4c34) Importer(815301076,1909f56bfc062723c751e8b465ee728b)
Start importing Assets/Ludiq/Bolt.Flow/IconMap/Bolt.FlowMachine.png using Guid(fe5b77214c748b64ba5033f2af1b4c34) Importer(815301076,1909f56bfc062723c751e8b465ee728b)  -> (artifact id: 'c1152b955958d1a237dd8dd5e2a03034') in 0.008288 seconds
  Import took 0.011338 seconds .

========================================================================
Received Import Request.
  Time since last request: 0.000224 seconds.
  path: Assets/Ludiq/Bolt.Core/IconMap/Bolt.GlobalMessageListener.png
  artifactKey: Guid(0129cf6bb23df2f41824eda97d16ee6e) Importer(815301076,1909f56bfc062723c751e8b465ee728b)
Start importing Assets/Ludiq/Bolt.Core/IconMap/Bolt.GlobalMessageListener.png using Guid(0129cf6bb23df2f41824eda97d16ee6e) Importer(815301076,1909f56bfc062723c751e8b465ee728b)  -> (artifact id: '0c7e9915bca7abca4c5b87ef39454539') in 0.008442 seconds
  Import took 0.010923 seconds .

========================================================================
Received Import Request.
  Time since last request: 0.000243 seconds.
  path: Assets/Ludiq/Bolt.Flow/IconMap/Bolt.FlowMacro.png
  artifactKey: Guid(b33b72199830c924da117a3cf9f3b69e) Importer(815301076,1909f56bfc062723c751e8b465ee728b)
Start importing Assets/Ludiq/Bolt.Flow/IconMap/Bolt.FlowMacro.png using Guid(b33b72199830c924da117a3cf9f3b69e) Importer(815301076,1909f56bfc062723c751e8b465ee728b)  -> (artifact id: 'b485f4a606711895e0b266e9001d64aa') in 0.011384 seconds
  Import took 0.014809 seconds .

========================================================================
Received Import Request.
  Time since last request: 0.015109 seconds.
  path: Assets/Ludiq/Bolt.Core/IconMap/Bolt.SceneVariables.png
  artifactKey: Guid(85b733ff25d1eee479a6d510562bd0b2) Importer(815301076,1909f56bfc062723c751e8b465ee728b)
Start importing Assets/Ludiq/Bolt.Core/IconMap/Bolt.SceneVariables.png using Guid(85b733ff25d1eee479a6d510562bd0b2) Importer(815301076,1909f56bfc062723c751e8b465ee728b)  -> (artifact id: '8059d28a46a993833201390dc5982d61') in 0.008031 seconds
  Import took 0.011005 seconds .

========================================================================
Received Import Request.
  Time since last request: 0.000412 seconds.
  path: Assets/Ludiq/Bolt.State/IconMap/Bolt.StateMachine.png
  artifactKey: Guid(78beaf4c6e26bf745b5bc7dfe5d007be) Importer(815301076,1909f56bfc062723c751e8b465ee728b)
Start importing Assets/Ludiq/Bolt.State/IconMap/Bolt.StateMachine.png using Guid(78beaf4c6e26bf745b5bc7dfe5d007be) Importer(815301076,1909f56bfc062723c751e8b465ee728b)  -> (artifact id: '8e6a0ae91d002e85f1e5678fbd817fe1') in 0.010049 seconds
  Import took 0.013513 seconds .

========================================================================
Received Import Request.
  Time since last request: 0.000257 seconds.
  path: Assets/Ludiq/Bolt.Core/IconMap/Bolt.Variables.png
  artifactKey: Guid(f4241d97facf9bf4881222c2789a4c14) Importer(815301076,1909f56bfc062723c751e8b465ee728b)
Start importing Assets/Ludiq/Bolt.Core/IconMap/Bolt.Variables.png using Guid(f4241d97facf9bf4881222c2789a4c14) Importer(815301076,1909f56bfc062723c751e8b465ee728b)  -> (artifact id: '38a53477cd3558e19f9c11d68dbd05f9') in 0.007954 seconds
  Import took 0.011756 seconds .

========================================================================
Received Import Request.
  Time since last request: 0.000249 seconds.
  path: Assets/Ludiq/Bolt.Core/IconMap/Bolt.UnityMessageListener.png
  artifactKey: Guid(310bebb331cf47f42b7f0b57b1f5bfcf) Importer(815301076,1909f56bfc062723c751e8b465ee728b)
Start importing Assets/Ludiq/Bolt.Core/IconMap/Bolt.UnityMessageListener.png using Guid(310bebb331cf47f42b7f0b57b1f5bfcf) Importer(815301076,1909f56bfc062723c751e8b465ee728b)  -> (artifact id: '1522903430dbc508d89202eec1e78101') in 0.009152 seconds
  Import took 0.012124 seconds .

========================================================================
Received Import Request.
  Time since last request: 0.000225 seconds.
  path: Assets/Ludiq/Bolt.State/IconMap/Bolt.StateMacro.png
  artifactKey: Guid(b28af3520c9f270429f383116bd0d368) Importer(815301076,1909f56bfc062723c751e8b465ee728b)
Start importing Assets/Ludiq/Bolt.State/IconMap/Bolt.StateMacro.png using Guid(b28af3520c9f270429f383116bd0d368) Importer(815301076,1909f56bfc062723c751e8b465ee728b)  -> (artifact id: 'dccfcdaa171a9c9c412bd9bc5713533c') in 0.008044 seconds
  Import took 0.010983 seconds .

========================================================================
Received Import Request.
  Time since last request: 0.000186 seconds.
  path: Assets/Ludiq/Bolt.Core/IconMap/Bolt.VariablesAsset.png
  artifactKey: Guid(7e1f811eb716b3844aad1127122172ed) Importer(815301076,1909f56bfc062723c751e8b465ee728b)
Start importing Assets/Ludiq/Bolt.Core/IconMap/Bolt.VariablesAsset.png using Guid(7e1f811eb716b3844aad1127122172ed) Importer(815301076,1909f56bfc062723c751e8b465ee728b)  -> (artifact id: '82f3dd729d1fdb0adc74a2f72f8f0c31') in 0.013197 seconds
  Import took 0.015761 seconds .

========================================================================
Received Import Request.
  Time since last request: 0.000181 seconds.
  path: Assets/Ludiq/Bolt.Core/IconMap/Bolt.VariablesSaver.png
  artifactKey: Guid(c49720c31a0991d48aa5d1fcf9d6d1a6) Importer(815301076,1909f56bfc062723c751e8b465ee728b)
Start importing Assets/Ludiq/Bolt.Core/IconMap/Bolt.VariablesSaver.png using Guid(c49720c31a0991d48aa5d1fcf9d6d1a6) Importer(815301076,1909f56bfc062723c751e8b465ee728b)  -> (artifact id: 'e4c6c70cea243b271c5a67c3044ad7c1') in 0.011228 seconds
  Import took 0.014059 seconds .

========================================================================
Received Import Request.
  Time since last request: 713.109244 seconds.
  path: Assets/Prefabs/Bullet.prefab
  artifactKey: Guid(07ca4e8ab5f259149a6527c99d57f20b) Importer(815301076,1909f56bfc062723c751e8b465ee728b)
Start importing Assets/Prefabs/Bullet.prefab using Guid(07ca4e8ab5f259149a6527c99d57f20b) Importer(815301076,1909f56bfc062723c751e8b465ee728b)  -> (artifact id: '4b39f6a2d831b311c106ce5cadfcef17') in 0.027146 seconds
  Import took 0.030532 seconds .

========================================================================
Received Prepare
Registering precompiled user dll's ...
Registered in 0.007244 seconds.
Begin MonoManager ReloadAssembly
Native extension for WindowsStandalone target not found
Refreshing native plugins compatible for Editor in 0.72 ms, found 2 plugins.
Preloading 0 native plugins for Editor in 0.00 ms.
Invoked RoslynAnalysisRunner static constructor.
RoslynAnalysisRunner will not be running.
RoslynAnalysisRunner has terminated.
Mono: successfully reloaded assembly
- Completed reload, in  0.844 seconds
Platform modules already initialized, skipping
Refreshing native plugins compatible for Editor in 0.52 ms, found 2 plugins.
Preloading 0 native plugins for Editor in 0.00 ms.
Unloading 1804 Unused Serialized files (Serialized files now loaded: 0)
System memory in use before: 90.1 MB.
System memory in use after: 90.1 MB.

Unloading 28 unused Assets to reduce memory usage. Loaded Objects now: 2366.
Total: 2.826400 ms (FindLiveObjects: 0.487900 ms CreateObjectMapping: 0.058600 ms MarkObjects: 2.152900 ms  DeleteObjects: 0.125700 ms)

========================================================================
Received Prepare
Registering precompiled user dll's ...
Registered in 0.007595 seconds.
Begin MonoManager ReloadAssembly
Native extension for WindowsStandalone target not found
Refreshing native plugins compatible for Editor in 0.51 ms, found 2 plugins.
Preloading 0 native plugins for Editor in 0.00 ms.
Invoked RoslynAnalysisRunner static constructor.
RoslynAnalysisRunner will not be running.
RoslynAnalysisRunner has terminated.
Mono: successfully reloaded assembly
- Completed reload, in  0.823 seconds
Platform modules already initialized, skipping
Refreshing native plugins compatible for Editor in 0.52 ms, found 2 plugins.
Preloading 0 native plugins for Editor in 0.00 ms.
Unloading 1804 Unused Serialized files (Serialized files now loaded: 0)
System memory in use before: 90.2 MB.
System memory in use after: 90.2 MB.

Unloading 28 unused Assets to reduce memory usage. Loaded Objects now: 2369.
Total: 1.982500 ms (FindLiveObjects: 0.246500 ms CreateObjectMapping: 0.047500 ms MarkObjects: 1.570500 ms  DeleteObjects: 0.117000 ms)

========================================================================
Received Prepare
Registering precompiled user dll's ...
Registered in 0.007608 seconds.
Begin MonoManager ReloadAssembly
Native extension for WindowsStandalone target not found
Refreshing native plugins compatible for Editor in 0.83 ms, found 2 plugins.
Preloading 0 native plugins for Editor in 0.00 ms.
Invoked RoslynAnalysisRunner static constructor.
RoslynAnalysisRunner will not be running.
RoslynAnalysisRunner has terminated.
Mono: successfully reloaded assembly
- Completed reload, in  0.823 seconds
Platform modules already initialized, skipping
Refreshing native plugins compatible for Editor in 0.53 ms, found 2 plugins.
Preloading 0 native plugins for Editor in 0.00 ms.
Unloading 1804 Unused Serialized files (Serialized files now loaded: 0)
System memory in use before: 90.3 MB.
System memory in use after: 90.3 MB.

Unloading 28 unused Assets to reduce memory usage. Loaded Objects now: 2372.
Total: 1.963100 ms (FindLiveObjects: 0.274200 ms CreateObjectMapping: 0.045200 ms MarkObjects: 1.524200 ms  DeleteObjects: 0.118600 ms)

========================================================================
Received Prepare
Registering precompiled user dll's ...
Registered in 0.007392 seconds.
Begin MonoManager ReloadAssembly
Native extension for WindowsStandalone target not found
Refreshing native plugins compatible for Editor in 0.54 ms, found 2 plugins.
Preloading 0 native plugins for Editor in 0.00 ms.
Invoked RoslynAnalysisRunner static constructor.
RoslynAnalysisRunner will not be running.
RoslynAnalysisRunner has terminated.
Mono: successfully reloaded assembly
- Completed reload, in  0.828 seconds
Platform modules already initialized, skipping
Refreshing native plugins compatible for Editor in 0.54 ms, found 2 plugins.
Preloading 0 native plugins for Editor in 0.00 ms.
Unloading 1804 Unused Serialized files (Serialized files now loaded: 0)
System memory in use before: 90.3 MB.
System memory in use after: 90.3 MB.

Unloading 28 unused Assets to reduce memory usage. Loaded Objects now: 2375.
Total: 2.114800 ms (FindLiveObjects: 0.330900 ms CreateObjectMapping: 0.045600 ms MarkObjects: 1.620500 ms  DeleteObjects: 0.116700 ms)

========================================================================
Received Import Request.
  Time since last request: 892.584006 seconds.
  path: Assets/Prefabs/Bullet.prefab
  artifactKey: Guid(07ca4e8ab5f259149a6527c99d57f20b) Importer(815301076,1909f56bfc062723c751e8b465ee728b)
Start importing Assets/Prefabs/Bullet.prefab using Guid(07ca4e8ab5f259149a6527c99d57f20b) Importer(815301076,1909f56bfc062723c751e8b465ee728b)  -> (artifact id: 'dd6c2b9b0140fe5cd6bb1653b27bbe07') in 0.445957 seconds
  Import took 0.449325 seconds .

========================================================================
Received Import Request.
  Time since last request: 592.046558 seconds.
  path: Assets/Ani/Player.controller
  artifactKey: Guid(6cd698d65aee86446b9c3147b563fd8b) Importer(815301076,1909f56bfc062723c751e8b465ee728b)
Start importing Assets/Ani/Player.controller using Guid(6cd698d65aee86446b9c3147b563fd8b) Importer(815301076,1909f56bfc062723c751e8b465ee728b)  -> (artifact id: '293ca6cd793369f89d6d22f1a99fc4c9') in 0.009345 seconds
  Import took 0.012648 seconds .

========================================================================
Received Import Request.
  Time since last request: 68.768360 seconds.
  path: Assets/Ani/Player.controller
  artifactKey: Guid(6cd698d65aee86446b9c3147b563fd8b) Importer(815301076,1909f56bfc062723c751e8b465ee728b)
Start importing Assets/Ani/Player.controller using Guid(6cd698d65aee86446b9c3147b563fd8b) Importer(815301076,1909f56bfc062723c751e8b465ee728b)  -> (artifact id: 'b4ce471f6728742f56abd4a85bb066ac') in 0.004236 seconds
  Import took 0.007261 seconds .

========================================================================
Received Prepare
Registering precompiled user dll's ...
Registered in 0.007540 seconds.
Begin MonoManager ReloadAssembly
Native extension for WindowsStandalone target not found
Refreshing native plugins compatible for Editor in 0.54 ms, found 2 plugins.
Preloading 0 native plugins for Editor in 0.00 ms.
Invoked RoslynAnalysisRunner static constructor.
RoslynAnalysisRunner will not be running.
RoslynAnalysisRunner has terminated.
Mono: successfully reloaded assembly
- Completed reload, in  0.821 seconds
Platform modules already initialized, skipping
Refreshing native plugins compatible for Editor in 0.55 ms, found 2 plugins.
Preloading 0 native plugins for Editor in 0.00 ms.
Unloading 1804 Unused Serialized files (Serialized files now loaded: 0)
System memory in use before: 90.4 MB.
System memory in use after: 90.4 MB.

Unloading 28 unused Assets to reduce memory usage. Loaded Objects now: 2379.
Total: 2.162200 ms (FindLiveObjects: 0.277800 ms CreateObjectMapping: 0.047000 ms MarkObjects: 1.710600 ms  DeleteObjects: 0.125900 ms)

========================================================================
Received Prepare
Registering precompiled user dll's ...
Registered in 0.007374 seconds.
Begin MonoManager ReloadAssembly
Native extension for WindowsStandalone target not found
Refreshing native plugins compatible for Editor in 0.52 ms, found 2 plugins.
Preloading 0 native plugins for Editor in 0.00 ms.
Invoked RoslynAnalysisRunner static constructor.
RoslynAnalysisRunner will not be running.
RoslynAnalysisRunner has terminated.
Mono: successfully reloaded assembly
- Completed reload, in  0.823 seconds
Platform modules already initialized, skipping
Refreshing native plugins compatible for Editor in 0.57 ms, found 2 plugins.
Preloading 0 native plugins for Editor in 0.00 ms.
Unloading 1804 Unused Serialized files (Serialized files now loaded: 0)
System memory in use before: 90.5 MB.
System memory in use after: 90.5 MB.

Unloading 28 unused Assets to reduce memory usage. Loaded Objects now: 2382.
Total: 2.523300 ms (FindLiveObjects: 0.389500 ms CreateObjectMapping: 0.059000 ms MarkObjects: 1.959300 ms  DeleteObjects: 0.114100 ms)

========================================================================
Received Prepare
Registering precompiled user dll's ...
Registered in 0.007412 seconds.
Begin MonoManager ReloadAssembly
Native extension for WindowsStandalone target not found
Refreshing native plugins compatible for Editor in 0.51 ms, found 2 plugins.
Preloading 0 native plugins for Editor in 0.00 ms.
Invoked RoslynAnalysisRunner static constructor.
RoslynAnalysisRunner will not be running.
RoslynAnalysisRunner has terminated.
Mono: successfully reloaded assembly
- Completed reload, in  0.812 seconds
Platform modules already initialized, skipping
Refreshing native plugins compatible for Editor in 0.53 ms, found 2 plugins.
Preloading 0 native plugins for Editor in 0.00 ms.
Unloading 1804 Unused Serialized files (Serialized files now loaded: 0)
System memory in use before: 90.5 MB.
System memory in use after: 90.5 MB.

Unloading 28 unused Assets to reduce memory usage. Loaded Objects now: 2385.
Total: 2.054300 ms (FindLiveObjects: 0.269200 ms CreateObjectMapping: 0.048400 ms MarkObjects: 1.603700 ms  DeleteObjects: 0.131900 ms)

========================================================================
Received Prepare
Registering precompiled user dll's ...
Registered in 0.008032 seconds.
Begin MonoManager ReloadAssembly
Native extension for WindowsStandalone target not found
Refreshing native plugins compatible for Editor in 0.59 ms, found 2 plugins.
Preloading 0 native plugins for Editor in 0.00 ms.
Invoked RoslynAnalysisRunner static constructor.
RoslynAnalysisRunner will not be running.
RoslynAnalysisRunner has terminated.
Mono: successfully reloaded assembly
- Completed reload, in  0.842 seconds
Platform modules already initialized, skipping
Refreshing native plugins compatible for Editor in 0.53 ms, found 2 plugins.
Preloading 0 native plugins for Editor in 0.00 ms.
Unloading 1804 Unused Serialized files (Serialized files now loaded: 0)
System memory in use before: 90.6 MB.
System memory in use after: 90.6 MB.

Unloading 28 unused Assets to reduce memory usage. Loaded Objects now: 2388.
Total: 2.844600 ms (FindLiveObjects: 0.485300 ms CreateObjectMapping: 0.046300 ms MarkObjects: 2.182700 ms  DeleteObjects: 0.128900 ms)

========================================================================
Received Prepare
Registering precompiled user dll's ...
Registered in 0.008101 seconds.
Begin MonoManager ReloadAssembly
Native extension for WindowsStandalone target not found
Refreshing native plugins compatible for Editor in 0.53 ms, found 2 plugins.
Preloading 0 native plugins for Editor in 0.00 ms.
Invoked RoslynAnalysisRunner static constructor.
RoslynAnalysisRunner will not be running.
RoslynAnalysisRunner has terminated.
Mono: successfully reloaded assembly
- Completed reload, in  0.855 seconds
Platform modules already initialized, skipping
Refreshing native plugins compatible for Editor in 0.55 ms, found 2 plugins.
Preloading 0 native plugins for Editor in 0.00 ms.
Unloading 1804 Unused Serialized files (Serialized files now loaded: 0)
System memory in use before: 90.7 MB.
System memory in use after: 90.7 MB.

Unloading 28 unused Assets to reduce memory usage. Loaded Objects now: 2391.
Total: 2.602400 ms (FindLiveObjects: 0.495300 ms CreateObjectMapping: 0.071200 ms MarkObjects: 1.926500 ms  DeleteObjects: 0.108300 ms)

========================================================================
Received Prepare
Registering precompiled user dll's ...
Registered in 0.007361 seconds.
Begin MonoManager ReloadAssembly
Native extension for WindowsStandalone target not found
Refreshing native plugins compatible for Editor in 0.51 ms, found 2 plugins.
Preloading 0 native plugins for Editor in 0.00 ms.
Invoked RoslynAnalysisRunner static constructor.
RoslynAnalysisRunner will not be running.
RoslynAnalysisRunner has terminated.
Mono: successfully reloaded assembly
- Completed reload, in  0.814 seconds
Platform modules already initialized, skipping
Refreshing native plugins compatible for Editor in 0.52 ms, found 2 plugins.
Preloading 0 native plugins for Editor in 0.00 ms.
Unloading 1804 Unused Serialized files (Serialized files now loaded: 0)
System memory in use before: 90.8 MB.
System memory in use after: 90.8 MB.

Unloading 28 unused Assets to reduce memory usage. Loaded Objects now: 2394.
Total: 2.017100 ms (FindLiveObjects: 0.273300 ms CreateObjectMapping: 0.045000 ms MarkObjects: 1.582300 ms  DeleteObjects: 0.115500 ms)

========================================================================
Received Prepare
Registering precompiled user dll's ...
Registered in 0.007255 seconds.
Begin MonoManager ReloadAssembly
Native extension for WindowsStandalone target not found
Refreshing native plugins compatible for Editor in 0.59 ms, found 2 plugins.
Preloading 0 native plugins for Editor in 0.00 ms.
Invoked RoslynAnalysisRunner static constructor.
RoslynAnalysisRunner will not be running.
RoslynAnalysisRunner has terminated.
Mono: successfully reloaded assembly
- Completed reload, in  0.834 seconds
Platform modules already initialized, skipping
Refreshing native plugins compatible for Editor in 0.59 ms, found 2 plugins.
Preloading 0 native plugins for Editor in 0.00 ms.
Unloading 1804 Unused Serialized files (Serialized files now loaded: 0)
System memory in use before: 90.8 MB.
System memory in use after: 90.8 MB.

Unloading 28 unused Assets to reduce memory usage. Loaded Objects now: 2397.
Total: 2.127300 ms (FindLiveObjects: 0.255900 ms CreateObjectMapping: 0.043400 ms MarkObjects: 1.697300 ms  DeleteObjects: 0.129100 ms)

AssetImportWorkerClient::OnTransportError - code=2 error=End of file
